Unity Editor version:    2021.3.6f1 (7da38d85baf6)
Branch:                  2021.3/staging
Build type:              Release
Batch mode:              YES
macOS version:           Version 12.4 (Build 21F79)
Darwin version:          21.5.0
Architecture:            x86_64
Running under Rosetta:   YES
Available memory:        32768 MB
Using pre-set license
Pro License: YES

COMMAND LINE ARGUMENTS:
/Applications/Unity/Hub/Editor/2021.3.6f1/Unity.app/Contents/MacOS/Unity
-adb2
-batchMode
-noUpm
-name
AssetImportWorker2
-projectPath
/Users/alex/Desktop/Create with Code/Personal Project
-logFile
Logs/AssetImportWorker2.log
-srvPort
55392
Successfully changed project path to: /Users/alex/Desktop/Create with Code/Personal Project
/Users/alex/Desktop/Create with Code/Personal Project
[UnityMemory] Configuration Parameters - Can be set up in boot.config
    "memorysetup-bucket-allocator-granularity=16"
    "memorysetup-bucket-allocator-bucket-count=8"
    "memorysetup-bucket-allocator-block-size=33554432"
    "memorysetup-bucket-allocator-block-count=8"
    "memorysetup-main-allocator-block-size=16777216"
    "memorysetup-thread-allocator-block-size=16777216"
    "memorysetup-gfx-main-allocator-block-size=16777216"
    "memorysetup-gfx-thread-allocator-block-size=16777216"
    "memorysetup-cache-allocator-block-size=4194304"
    "memorysetup-typetree-allocator-block-size=2097152"
    "memorysetup-profiler-bucket-allocator-granularity=16"
    "memorysetup-profiler-bucket-allocator-bucket-count=8"
    "memorysetup-profiler-bucket-allocator-block-size=33554432"
    "memorysetup-profiler-bucket-allocator-block-count=8"
    "memorysetup-profiler-allocator-block-size=16777216"
    "memorysetup-profiler-editor-allocator-block-size=1048576"
    "memorysetup-temp-allocator-size-main=16777216"
    "memorysetup-job-temp-allocator-block-size=2097152"
    "memorysetup-job-temp-allocator-block-size-background=1048576"
    "memorysetup-job-temp-allocator-reduction-small-platforms=262144"
    "memorysetup-temp-allocator-size-background-worker=32768"
    "memorysetup-temp-allocator-size-job-worker=262144"
    "memorysetup-temp-allocator-size-preload-manager=33554432"
    "memorysetup-temp-allocator-size-nav-mesh-worker=65536"
    "memorysetup-temp-allocator-size-audio-worker=65536"
    "memorysetup-temp-allocator-size-cloud-worker=32768"
    "memorysetup-temp-allocator-size-gi-baking-worker=262144"
    "memorysetup-temp-allocator-size-gfx=262144"
Refreshing native plugins compatible for Editor in 109.40 ms, found 2 plugins.
Preloading 0 native plugins for Editor in 0.00 ms.
Initialize engine version: 2021.3.6f1 (7da38d85baf6)
[Subsystems] Discovering subsystems at path /Applications/Unity/Hub/Editor/2021.3.6f1/Unity.app/Contents/Resources/UnitySubsystems
[Subsystems] Discovering subsystems at path /Users/alex/Desktop/Create with Code/Personal Project/Assets
GfxDevice: creating device client; threaded=0; jobified=0
 preferred device: Apple M1 Pro (high power)
Metal devices available: 1
0: Apple M1 Pro (high power)
Using device Apple M1 Pro (high power)
Initializing Metal device caps: Apple M1 Pro
Initialize mono
Mono path[0] = '/Applications/Unity/Hub/Editor/2021.3.6f1/Unity.app/Contents/Managed'
Mono path[1] = '/Applications/Unity/Hub/Editor/2021.3.6f1/Unity.app/Contents/MonoBleedingEdge/lib/mono/unityjit-macos'
Mono config path = '/Applications/Unity/Hub/Editor/2021.3.6f1/Unity.app/Contents/MonoBleedingEdge/etc'
Using monoOptions --debugger-agent=transport=dt_socket,embedding=1,server=y,suspend=n,address=127.0.0.1:56746
Begin MonoManager ReloadAssembly
Registering precompiled unity dll's ...
Register platform support module: /Applications/Unity/Hub/Editor/2021.3.6f1/PlaybackEngines/WebGLSupport/UnityEditor.WebGL.Extensions.dll
Register platform support module: /Applications/Unity/Hub/Editor/2021.3.6f1/Unity.app/Contents/PlaybackEngines/MacStandaloneSupport/UnityEditor.OSXStandalone.Extensions.dll
Register platform support module: /Applications/Unity/Hub/Editor/2021.3.6f1/PlaybackEngines/WindowsStandaloneSupport/UnityEditor.WindowsStandalone.Extensions.dll
Registered in 0.000839 seconds.
Native extension for WindowsStandalone target not found
Native extension for OSXStandalone target not found
Native extension for WebGL target not found
Refreshing native plugins compatible for Editor in 106.62 ms, found 2 plugins.
Preloading 0 native plugins for Editor in 0.00 ms.
Mono: successfully reloaded assembly
- Completed reload, in  1.529 seconds
Domain Reload Profiling:
	ReloadAssembly (1531ms)
		BeginReloadAssembly (122ms)
			ExecutionOrderSort (0ms)
			DisableScriptedObjects (0ms)
			BackupInstance (0ms)
			ReleaseScriptingObjects (0ms)
			CreateAndSetChildDomain (2ms)
		EndReloadAssembly (1151ms)
			LoadAssemblies (120ms)
			RebuildTransferFunctionScriptingTraits (0ms)
			SetupTypeCache (142ms)
			ReleaseScriptCaches (0ms)
			RebuildScriptCaches (36ms)
			SetupLoadedEditorAssemblies (832ms)
				LogAssemblyErrors (0ms)
				InitializePlatformSupportModulesInManaged (23ms)
				SetLoadedEditorAssemblies (0ms)
				RefreshPlugins (107ms)
				BeforeProcessingInitializeOnLoad (4ms)
				ProcessInitializeOnLoadAttributes (510ms)
				ProcessInitializeOnLoadMethodAttributes (187ms)
				AfterProcessingInitializeOnLoad (0ms)
				EditorAssembliesLoaded (0ms)
			ExecutionOrderSort2 (0ms)
			AwakeInstancesAfterBackupRestoration (0ms)
Platform modules already initialized, skipping
Registering precompiled user dll's ...
Registered in 0.001883 seconds.
Begin MonoManager ReloadAssembly
Symbol file LoadedFromMemory doesn't match image /Users/alex/Desktop/Create with Code/Personal Project/Library/PackageCache/com.unity.visualscripting@1.7.8/Editor/VisualScripting.Core/Dependencies/YamlDotNet/Unity.VisualScripting.YamlDotNet.dll
Symbol file LoadedFromMemory doesn't match image /Users/alex/Desktop/Create with Code/Personal Project/Library/PackageCache/com.unity.visualscripting@1.7.8/Editor/VisualScripting.Core/Dependencies/DotNetZip/Unity.VisualScripting.IonicZip.dll
Native extension for WindowsStandalone target not found
Native extension for OSXStandalone target not found
Native extension for WebGL target not found
Refreshing native plugins compatible for Editor in 0.74 ms, found 2 plugins.
Preloading 0 native plugins for Editor in 0.00 ms.
Mono: successfully reloaded assembly
- Completed reload, in  2.546 seconds
Domain Reload Profiling:
	ReloadAssembly (2550ms)
		BeginReloadAssembly (234ms)
			ExecutionOrderSort (0ms)
			DisableScriptedObjects (44ms)
			BackupInstance (0ms)
			ReleaseScriptingObjects (0ms)
			CreateAndSetChildDomain (30ms)
		EndReloadAssembly (2011ms)
			LoadAssemblies (117ms)
			RebuildTransferFunctionScriptingTraits (0ms)
			SetupTypeCache (354ms)
			ReleaseScriptCaches (2ms)
			RebuildScriptCaches (63ms)
			SetupLoadedEditorAssemblies (1281ms)
				LogAssemblyErrors (0ms)
				InitializePlatformSupportModulesInManaged (22ms)
				SetLoadedEditorAssemblies (1ms)
				RefreshPlugins (1ms)
				BeforeProcessingInitializeOnLoad (135ms)
				ProcessInitializeOnLoadAttributes (999ms)
				ProcessInitializeOnLoadMethodAttributes (123ms)
				AfterProcessingInitializeOnLoad (1ms)
				EditorAssembliesLoaded (0ms)
			ExecutionOrderSort2 (0ms)
			AwakeInstancesAfterBackupRestoration (12ms)
Platform modules already initialized, skipping
========================================================================
Worker process is ready to serve import requests
Launching external process: /Applications/Unity/Hub/Editor/2021.3.6f1/Unity.app/Contents/Tools/UnityShaderCompiler
Launched and connected shader compiler UnityShaderCompiler after 0.08 seconds
Refreshing native plugins compatible for Editor in 0.75 ms, found 2 plugins.
Preloading 0 native plugins for Editor in 0.00 ms.
Unloading 3425 Unused Serialized files (Serialized files now loaded: 0)
Unloading 27 unused Assets / (95.5 KB). Loaded Objects now: 3888.
Memory consumption went from 241.4 MB to 241.3 MB.
Total: 3.210834 ms (FindLiveObjects: 0.173041 ms CreateObjectMapping: 0.077458 ms MarkObjects: 2.797083 ms  DeleteObjects: 0.162208 ms)

AssetImportParameters requested are different than current active one (requested -> active):
  custom:video-decoder-ogg-theora: a1e56fd34408186e4bbccfd4996cb3dc -> 
  custom:container-muxer-webm: aa71ff27fc2769a1b78a27578f13a17b -> 
  custom:container-demuxer-webm: 4f35f7cbe854078d1ac9338744f61a02 -> 
  custom:video-encoder-webm-vp8: eb34c28f22e8b96e1ab97ce403110664 -> 
  custom:framework-osx-AVFoundation: e770b220cccbd017edd2c1fefb359320 -> 
  custom:audio-encoder-webm-vorbis: bf7c407c2cedff20999df2af8eb42d56 -> 
  custom:SearchIndexIgnoredProperties: e643bd26f0fe6173181afceb89e7c659 -> 
  custom:container-demuxer-ogg: 62fdf1f143b41e24485cea50d1cbac27 -> 
  custom:video-decoder-webm-vp8: 9c59270c3fd7afecdb556c50c9e8de78 -> 
  custom:audio-decoder-ogg-vorbis: bf7c407c2cedff20999df2af8eb42d56 -> 
========================================================================
Received Import Request.
  Time since last request: 1175973.039547 seconds.
  path: Assets/unity-chan!/Unity-chan! Model/Art/Animations/unitychan_WALK00_B.fbx
  artifactKey: Guid(20fd7934e77f68e4983c9c0fe97c7117) Importer(815301076,1909f56bfc062723c751e8b465ee728b)
Start importing Assets/unity-chan!/Unity-chan! Model/Art/Animations/unitychan_WALK00_B.fbx using Guid(20fd7934e77f68e4983c9c0fe97c7117) Importer(815301076,1909f56bfc062723c751e8b465ee728b)  -> (artifact id: 'b83ccef238c837ab1798b097af6f976c') in 0.895318 seconds 
========================================================================
Received Import Request.
  Time since last request: 0.000161 seconds.
  path: Assets/unity-chan!/Unity-chan! Model/Art/Animations/unitychan_WAIT00.fbx
  artifactKey: Guid(0147e212f97e3d449a4b9e4f5d057180) Importer(815301076,1909f56bfc062723c751e8b465ee728b)
Start importing Assets/unity-chan!/Unity-chan! Model/Art/Animations/unitychan_WAIT00.fbx using Guid(0147e212f97e3d449a4b9e4f5d057180) Importer(815301076,1909f56bfc062723c751e8b465ee728b)  -> (artifact id: '1c0aa89eedf78e23773c5a3fac24f88b') in 0.071864 seconds 
========================================================================
Received Import Request.
  Time since last request: 0.000072 seconds.
  path: Assets/unity-chan!/Unity-chan! Model/Art/Animations/unitychan_RUN00_L.fbx
  artifactKey: Guid(dc7b7dc0360ab494ea2e7625162c6ca3) Importer(815301076,1909f56bfc062723c751e8b465ee728b)
Start importing Assets/unity-chan!/Unity-chan! Model/Art/Animations/unitychan_RUN00_L.fbx using Guid(dc7b7dc0360ab494ea2e7625162c6ca3) Importer(815301076,1909f56bfc062723c751e8b465ee728b)  -> (artifact id: '5ed181de3f83dcee9f6b46b82c6bc4ee') in 0.063491 seconds 
========================================================================
Received Import Request.
  Time since last request: 0.000079 seconds.
  path: Assets/unity-chan!/Unity-chan! Model/Art/Animations/unitychan_RUN00_R.fbx
  artifactKey: Guid(ffe87c9e4c26d174b8df06771ce447bf) Importer(815301076,1909f56bfc062723c751e8b465ee728b)
Start importing Assets/unity-chan!/Unity-chan! Model/Art/Animations/unitychan_RUN00_R.fbx using Guid(ffe87c9e4c26d174b8df06771ce447bf) Importer(815301076,1909f56bfc062723c751e8b465ee728b)  -> (artifact id: 'a3cefc8c1c1b6ccc3cbf4554621c2e9c') in 0.063459 seconds 
========================================================================
Received Import Request.
  Time since last request: 0.000070 seconds.
  path: Assets/unity-chan!/Unity-chan! Model/Art/Animations/unitychan_ARpose2.fbx
  artifactKey: Guid(edd51f298e7994c498b99bd24c098f52) Importer(815301076,1909f56bfc062723c751e8b465ee728b)
Start importing Assets/unity-chan!/Unity-chan! Model/Art/Animations/unitychan_ARpose2.fbx using Guid(edd51f298e7994c498b99bd24c098f52) Importer(815301076,1909f56bfc062723c751e8b465ee728b)  -> (artifact id: 'd62f1a50005e47605563b90add557f10') in 0.025936 seconds 
========================================================================
Received Import Request.
  Time since last request: 0.000085 seconds.
  path: Assets/unity-chan!/Unity-chan! Model/Art/Animations/unitychan_WAIT02.fbx
  artifactKey: Guid(e54e2e1fa0a994b389fe0654511fac47) Importer(815301076,1909f56bfc062723c751e8b465ee728b)
Start importing Assets/unity-chan!/Unity-chan! Model/Art/Animations/unitychan_WAIT02.fbx using Guid(e54e2e1fa0a994b389fe0654511fac47) Importer(815301076,1909f56bfc062723c751e8b465ee728b)  -> (artifact id: '4e15dc4a00192dca7175f5555f085c5c') in 0.072306 seconds 
========================================================================
Received Import Request.
  Time since last request: 0.000087 seconds.
  path: Assets/unity-chan!/Unity-chan! Model/Art/Animations/unitychan_JUMP01.fbx
  artifactKey: Guid(87486f7b16eedbf4eb26567d70189058) Importer(815301076,1909f56bfc062723c751e8b465ee728b)
Start importing Assets/unity-chan!/Unity-chan! Model/Art/Animations/unitychan_JUMP01.fbx using Guid(87486f7b16eedbf4eb26567d70189058) Importer(815301076,1909f56bfc062723c751e8b465ee728b)  -> (artifact id: '209ad557c4f28c9fa3b048afa230469a') in 0.061474 seconds 
========================================================================
Received Import Request.
  Time since last request: 0.000072 seconds.
  path: Assets/unity-chan!/Unity-chan! Model/Art
  artifactKey: Guid(defce7c728fb01d49a7a7e9205dbde77) Importer(815301076,1909f56bfc062723c751e8b465ee728b)
Start importing Assets/unity-chan!/Unity-chan! Model/Art using Guid(defce7c728fb01d49a7a7e9205dbde77) Importer(815301076,1909f56bfc062723c751e8b465ee728b)  -> (artifact id: '70e446d08951aa7bd597f037874cc8a1') in 0.000742 seconds 
========================================================================
Received Import Request.
  Time since last request: 0.000066 seconds.
  path: Assets/unity-chan!/Unity-chan! Model/Art/Animations/unitychan_HANDUP00_R.fbx
  artifactKey: Guid(84ce5ea31570e6b4ca2949b8fe13ee42) Importer(815301076,1909f56bfc062723c751e8b465ee728b)
Start importing Assets/unity-chan!/Unity-chan! Model/Art/Animations/unitychan_HANDUP00_R.fbx using Guid(84ce5ea31570e6b4ca2949b8fe13ee42) Importer(815301076,1909f56bfc062723c751e8b465ee728b)  -> (artifact id: 'a32babfed0cf8c01e672988c47a44303') in 0.060745 seconds 
========================================================================
Received Import Request.
  Time since last request: 0.000068 seconds.
  path: Assets/unity-chan!
  artifactKey: Guid(2d6924d9638e54043abeac8869534bc7) Importer(815301076,1909f56bfc062723c751e8b465ee728b)
Start importing Assets/unity-chan! using Guid(2d6924d9638e54043abeac8869534bc7) Importer(815301076,1909f56bfc062723c751e8b465ee728b)  -> (artifact id: '0dab1542789912fa47b2015b75447276') in 0.000523 seconds 
========================================================================
Received Import Request.
  Time since last request: 0.000068 seconds.
  path: Assets/unity-chan!/Unity-chan! Model/Art/Animations/unitychan_UMATOBI00.fbx
  artifactKey: Guid(8bf916c92a6742d4ea62fd210c3fd0e6) Importer(815301076,1909f56bfc062723c751e8b465ee728b)
Start importing Assets/unity-chan!/Unity-chan! Model/Art/Animations/unitychan_UMATOBI00.fbx using Guid(8bf916c92a6742d4ea62fd210c3fd0e6) Importer(815301076,1909f56bfc062723c751e8b465ee728b)  -> (artifact id: '754b3ff7e44209c75c8491c4d098f12a') in 0.062523 seconds 
========================================================================
Received Import Request.
  Time since last request: 0.000078 seconds.
  path: Assets/unity-chan!/Unity-chan! Model/Art/Animations/unitychan_REFLESH00.fbx
  artifactKey: Guid(842226a6a478847f9b6f5c746ae1cb95) Importer(815301076,1909f56bfc062723c751e8b465ee728b)
Start importing Assets/unity-chan!/Unity-chan! Model/Art/Animations/unitychan_REFLESH00.fbx using Guid(842226a6a478847f9b6f5c746ae1cb95) Importer(815301076,1909f56bfc062723c751e8b465ee728b)  -> (artifact id: 'cf30fcab331e96543a1a21d648203f66') in 0.064997 seconds 
========================================================================
Received Import Request.
  Time since last request: 0.000079 seconds.
  path: Assets/unity-chan!/Unity-chan! Model/Art/Animations/unitychan_SLIDE00.fbx
  artifactKey: Guid(a3657ebe445392e44a81a7b112b9cf0c) Importer(815301076,1909f56bfc062723c751e8b465ee728b)
Start importing Assets/unity-chan!/Unity-chan! Model/Art/Animations/unitychan_SLIDE00.fbx using Guid(a3657ebe445392e44a81a7b112b9cf0c) Importer(815301076,1909f56bfc062723c751e8b465ee728b)  -> (artifact id: '91a5a1efc31a973dfb61d0300971ab8e') in 0.060489 seconds 
========================================================================
Received Import Request.
  Time since last request: 0.000069 seconds.
  path: Assets/unity-chan!/Unity-chan! Model/Art/Animations/unitychan_WALK00_L.fbx
  artifactKey: Guid(564ea08c07b9a764d8be6f0bbdddfc1c) Importer(815301076,1909f56bfc062723c751e8b465ee728b)
Start importing Assets/unity-chan!/Unity-chan! Model/Art/Animations/unitychan_WALK00_L.fbx using Guid(564ea08c07b9a764d8be6f0bbdddfc1c) Importer(815301076,1909f56bfc062723c751e8b465ee728b)  -> (artifact id: '4350951547bd5018b052b1be38e5be58') in 0.060080 seconds 
========================================================================
Received Import Request.
  Time since last request: 0.000070 seconds.
  path: Assets/unity-chan!/Unity-chan! Model/Art/Animations/unitychan_JUMP00B.fbx
  artifactKey: Guid(d6fd0c7048894427c8663615237d6a77) Importer(815301076,1909f56bfc062723c751e8b465ee728b)
Start importing Assets/unity-chan!/Unity-chan! Model/Art/Animations/unitychan_JUMP00B.fbx using Guid(d6fd0c7048894427c8663615237d6a77) Importer(815301076,1909f56bfc062723c751e8b465ee728b)  -> (artifact id: '5b2ebe139419899286403bb2a52c2ba1') in 0.065170 seconds 
========================================================================
Received Import Request.
  Time since last request: 23.913622 seconds.
  path: Assets/unity-chan!/Unity-chan! Model/Art/Animations/FaceAnimation
  artifactKey: Guid(16657e62a84c243128b02e614c3e11a2) Importer(815301076,1909f56bfc062723c751e8b465ee728b)
Start importing Assets/unity-chan!/Unity-chan! Model/Art/Animations/FaceAnimation using Guid(16657e62a84c243128b02e614c3e11a2) Importer(815301076,1909f56bfc062723c751e8b465ee728b)  -> (artifact id: '69b34faa470fa394dc634d2ad5e599aa') in 0.001233 seconds 
========================================================================
Received Import Request.
  Time since last request: 0.053504 seconds.
  path: Assets/unity-chan!/Unity-chan! Model/Art/Animations/FaceAnimation/face only mask.mask
  artifactKey: Guid(c6893d99d338240cd834967aa6448379) Importer(815301076,1909f56bfc062723c751e8b465ee728b)
Start importing Assets/unity-chan!/Unity-chan! Model/Art/Animations/FaceAnimation/face only mask.mask using Guid(c6893d99d338240cd834967aa6448379) Importer(815301076,1909f56bfc062723c751e8b465ee728b)  -> (artifact id: 'e752c7ef9f9361542b2d08b5a3416e92') in 0.058852 seconds 
========================================================================
Received Import Request.
  Time since last request: 0.667978 seconds.
  path: Assets/unity-chan!/Unity-chan! Model/Art/Animations/FaceAnimation/angry2@unitychan.anim
  artifactKey: Guid(66c6a39c175f346f6b2e3016fa5ae35b) Importer(815301076,1909f56bfc062723c751e8b465ee728b)
Start importing Assets/unity-chan!/Unity-chan! Model/Art/Animations/FaceAnimation/angry2@unitychan.anim using Guid(66c6a39c175f346f6b2e3016fa5ae35b) Importer(815301076,1909f56bfc062723c751e8b465ee728b)  -> (artifact id: '9143948c7dd64553196d19212a9d40c5') in 0.058214 seconds 
========================================================================
Received Import Request.
  Time since last request: 8.429715 seconds.
  path: Assets/unity-chan!/Unity-chan! Model/Art/Animations/FaceAnimation/angry1@unitychan.anim
  artifactKey: Guid(689da6f371ad8441395f39acaf2c7ae3) Importer(815301076,1909f56bfc062723c751e8b465ee728b)
Start importing Assets/unity-chan!/Unity-chan! Model/Art/Animations/FaceAnimation/angry1@unitychan.anim using Guid(689da6f371ad8441395f39acaf2c7ae3) Importer(815301076,1909f56bfc062723c751e8b465ee728b)  -> (artifact id: '4d44125dafcae93e0208f6173a80f275') in 0.001944 seconds 
========================================================================
Received Import Request.
  Time since last request: 2.950137 seconds.
  path: Assets/unity-chan!/Unity-chan! Model/Art/Models
  artifactKey: Guid(0651926009c11fa4b939d33f086c4028) Importer(815301076,1909f56bfc062723c751e8b465ee728b)
Start importing Assets/unity-chan!/Unity-chan! Model/Art/Models using Guid(0651926009c11fa4b939d33f086c4028) Importer(815301076,1909f56bfc062723c751e8b465ee728b)  -> (artifact id: '109a442748e8bb85528cd2403d6db6f9') in 0.000720 seconds 
========================================================================
Received Import Request.
  Time since last request: 0.025433 seconds.
  path: Assets/unity-chan!/Unity-chan! Model/Art/Models/BoxUnityChan.fbx
  artifactKey: Guid(d6dad0fb52ba12f458cc7ffb66882391) Importer(815301076,1909f56bfc062723c751e8b465ee728b)
Start importing Assets/unity-chan!/Unity-chan! Model/Art/Models/BoxUnityChan.fbx using Guid(d6dad0fb52ba12f458cc7ffb66882391) Importer(815301076,1909f56bfc062723c751e8b465ee728b)  -> (artifact id: '5fea3e37791cd84955274b91e4845656') in 0.181492 seconds 
AssetImportWorkerClient::OnTransportError - code=2 error=End of file
